<?xml version="1.0" encoding="UTF-8"?>
<!-- Generated by org.testng.reporters.JUnitXMLReporter -->
<testsuite hostname="Sachin-Sharma" ignored="0" name="Regression test-firefox" tests="3" failures="0" timestamp="23 Nov 2021 04:30:01 GMT" time="37.743" errors="0">
  <testcase name="verifySignUpLinkTest" time="0.194" classname="com.qa.trcrm.tests.LoginPageTest"/>
  <testcase name="verifyLoginPageTitleTest" time="0.014" classname="com.qa.trcrm.tests.LoginPageTest"/>
  <testcase name="loginTest" time="15.482" classname="com.qa.trcrm.tests.LoginPageTest"/>
</testsuite> <!-- Regression test-firefox -->
