<?xml version="1.0" encoding="UTF-8"?>
<!-- Generated by org.testng.reporters.JUnitXMLReporter -->
<testsuite hostname="Sachin-Sharma" ignored="0" name="Regression test2" tests="3" failures="0" timestamp="21 Nov 2021 14:07:08 GMT" time="21.327" errors="0">
  <testcase name="getHomePageHeaderTest" time="0.096" classname="com.qa.trcrm.tests.HomePageTest"/>
  <testcase name="getHomePageTitleTest" time="0.016" classname="com.qa.trcrm.tests.HomePageTest"/>
  <testcase name="isUserLoggedInTest" time="0.048" classname="com.qa.trcrm.tests.HomePageTest"/>
</testsuite> <!-- Regression test2 -->
