<?xml version="1.0" encoding="UTF-8"?>
<!-- Generated by org.testng.reporters.JUnitXMLReporter -->
<testsuite hostname="Sachin-Sharma" ignored="0" name="Regression test" tests="3" failures="0" timestamp="21 Nov 2021 14:06:47 GMT" time="23.948" errors="0">
  <testcase name="verifySignUpLinkTest" time="0.131" classname="com.qa.trcrm.tests.LoginPageTest"/>
  <testcase name="verifyLoginPageTitleTest" time="0.043" classname="com.qa.trcrm.tests.LoginPageTest"/>
  <testcase name="loginTest" time="13.016" classname="com.qa.trcrm.tests.LoginPageTest"/>
</testsuite> <!-- Regression test -->
